<Container>
	
	<Stream id="random" class="stream.io.RandomStream" limit="1000"/>

	<process input="random">
		<stream.flow.Every n="100">
			<stream.test.CounterTestProcessor id="counter-${test-every-uuid}"/>
		</stream.flow.Every> 
	</process>
	
</Container>