<container server="false">

	<stream id="test"
			class="stream.io.TimeStream" limit="100" interval="10ms" />
			
	<process input="test">
		<stream.monitor.AverageThroughput id="tp">
			<PrintData />
		</stream.monitor.AverageThroughput>
	</process>
	<!-- 
	<monitor interval="1second">
		<stream.monitor.MemoryUsage id="mem"/>
		<stream.statistics.AddStatistics service="mem" />
		<stream.statistics.AddStatistics service="tp" />
		<PrintData />
	</monitor>
	 -->
	
</container>


