<!-- 
    This simple container experiment checks whether the ServiceInjection is working properly.
 -->

<Container>

	<property name="database.url" value="jdbc:mysql://192.168.128.100:3306/storage" />

	<Stream id="input" class="stream.test.TestStream" limit="10000" keys="attr1,attr2,attr2" /> 


	<Process input="input">
	
		<CreateID key="id" start="1"/>
	
		<stream.data.AsJSON key="data" />
		
		<stream.io.SQLWriter url="${database.url}" username="storage" password="storage" table="DATA" keys="id,data" dropTable="true"/>
	
	</Process>
	
</Container>
