<!-- 
    This simple container experiment checks whether the ServiceInjection is working properly.
 -->

<Container>

	<Stream id="random" class="stream.io.RandomStream" limit="${limit}" sequenceKey="@source:item" />
	<queue id="ordered" class="stream.io.BlockingQueue" size="100" />
<!-- 
 -->	


	<process id="reader" input="random">
		<stream.test.AddTimeSinceLastItem />
		<stream.flow.Enqueue queue="ordered"/>
	</process>
	
	<process id="orderedQueue" input="ordered">
		<PrintData />
		<stream.test.AddDelayAfter100Items />
		<stream.test.Collector id="collected" />
	</process>
	
</Container>