<!-- 
    This simple container experiment checks whether the ServiceInjection is working properly.
 -->

<Container>

	<libs>
		org.slf4j:slf4j-log4j12:1.6.4
	</libs>

	<Process input="stream-${copy.id}" copies="2">

	<!-- 
		<stream.flow.Delay time="10ms" />
	 -->
		<stream.test.LogData message="Process: ${process.id}   %{data.@id}" />
		
	</Process>
	
</Container>